<?xml version="1.0" encoding="UTF-8"?>
<!-- Generated by org.testng.reporters.JUnitReportReporter -->
<testsuite skipped="0" hostname="Leen88" name="core.PrimeNumberCheckerTest" tests="3" failures="0" timestamp="29 May 2018 03:24:51 GMT" time="0.206" errors="0">
  <testcase name="test" time="0.206" classname="core.PrimeNumberCheckerTest"/>
  <testcase name="test" time="0.000" classname="core.PrimeNumberCheckerTest"/>
  <testcase name="test" time="0.000" classname="core.PrimeNumberCheckerTest"/>
</testsuite> <!-- core.PrimeNumberCheckerTest -->
